add_team: SUCCESS
add_team: SUCCESS
add_team: SUCCESS
add_team: SUCCESS
add_team: SUCCESS
add_team: SUCCESS
add_team: SUCCESS
add_team: SUCCESS
add_team: SUCCESS
add_team: SUCCESS
add_player: SUCCESS
add_player: SUCCESS
add_player: SUCCESS
add_player: SUCCESS
add_player: SUCCESS
add_player: SUCCESS
add_player: SUCCESS
add_player: SUCCESS
add_player: SUCCESS
add_player: SUCCESS
add_player: SUCCESS
add_player: SUCCESS
add_player: SUCCESS
add_player: SUCCESS
add_player: SUCCESS
add_player: SUCCESS
add_player: SUCCESS
add_player: SUCCESS
add_player: SUCCESS
add_player: SUCCESS
add_player: SUCCESS
add_player: SUCCESS
add_player: SUCCESS
add_player: SUCCESS
add_player: SUCCESS
add_player: SUCCESS
add_player: SUCCESS
add_player: SUCCESS
add_player: SUCCESS
add_player: SUCCESS
add_team: SUCCESS
add_player: SUCCESS
add_player: SUCCESS
get_partial_spirit: SUCCESS, 4,5,3,2,1
buy_team: INVALID_INPUT
add_player: SUCCESS
add_player: SUCCESS
add_player: SUCCESS
add_player: SUCCESS
add_player: SUCCESS
add_player: SUCCESS
add_player: SUCCESS
add_team: SUCCESS
add_player: SUCCESS
get_partial_spirit: SUCCESS, 2,3,1,4,5
add_player: SUCCESS
buy_team: SUCCESS
add_player: SUCCESS
add_team: SUCCESS
buy_team: SUCCESS
add_player: SUCCESS
add_player: SUCCESS
get_partial_spirit: SUCCESS, 2,4,3,1,5
add_player: FAILURE
add_player: SUCCESS
add_team: SUCCESS
add_player: SUCCESS
add_team: SUCCESS
add_player: SUCCESS
buy_team: SUCCESS
add_team: SUCCESS
buy_team: INVALID_INPUT
add_player: SUCCESS
add_team: SUCCESS
add_player: SUCCESS
add_player: SUCCESS
buy_team: FAILURE
add_player: SUCCESS
add_player: SUCCESS
get_partial_spirit: SUCCESS, 2,3,5,1,4
add_player: SUCCESS
add_player: SUCCESS
add_player: SUCCESS
add_player: SUCCESS
add_team: SUCCESS
add_team: SUCCESS
add_player: SUCCESS
buy_team: SUCCESS
get_partial_spirit: SUCCESS, 2,1,5,3,4
add_team: SUCCESS
get_partial_spirit: SUCCESS, 1,3,5,4,2
get_partial_spirit: SUCCESS, 5,3,2,4,1
add_player: FAILURE
add_player: FAILURE
add_team: SUCCESS
buy_team: FAILURE
get_partial_spirit: SUCCESS, 1,5,2,4,3
add_team: SUCCESS
add_player: SUCCESS
add_player: SUCCESS
add_team: SUCCESS
buy_team: FAILURE
get_partial_spirit: SUCCESS, 2,1,4,5,3
buy_team: FAILURE
add_player: SUCCESS
add_player: SUCCESS
add_player: SUCCESS
add_team: SUCCESS
get_partial_spirit: SUCCESS, 5,1,2,4,3
add_player: SUCCESS
add_team: SUCCESS
add_team: SUCCESS
add_team: SUCCESS
add_team: SUCCESS
buy_team: SUCCESS
add_player: FAILURE
add_player: SUCCESS
get_partial_spirit: SUCCESS, 1,5,2,3,4
buy_team: SUCCESS
get_partial_spirit: SUCCESS, 3,1,2,4,5
add_player: FAILURE
get_partial_spirit: SUCCESS, 1,3,4,2,5
add_team: SUCCESS
buy_team: SUCCESS
get_partial_spirit: SUCCESS, 1,2,3,4,5
add_player: SUCCESS
get_partial_spirit: SUCCESS, 2,5,3,4,1
add_player: FAILURE
add_player: FAILURE
add_player: FAILURE
buy_team: SUCCESS
get_partial_spirit: SUCCESS, 2,4,5,1,3
buy_team: FAILURE
get_partial_spirit: SUCCESS, 2,1,5,4,3
add_player: SUCCESS
add_player: FAILURE
buy_team: SUCCESS
buy_team: SUCCESS
buy_team: FAILURE
add_player: SUCCESS
get_partial_spirit: SUCCESS, 2,1,5,3,4
add_player: FAILURE
add_player: SUCCESS
get_partial_spirit: SUCCESS, 5,2,3,1,4
buy_team: FAILURE
add_player: SUCCESS
buy_team: FAILURE
add_player: FAILURE
add_player: SUCCESS
get_partial_spirit: SUCCESS, 5,3,1,4,2
add_team: SUCCESS
buy_team: FAILURE
add_player: SUCCESS
add_player: FAILURE
add_player: SUCCESS
add_player: SUCCESS
add_player: SUCCESS
add_player: SUCCESS
buy_team: FAILURE
add_team: SUCCESS
add_player: SUCCESS
add_player: SUCCESS
add_player: SUCCESS
add_player: SUCCESS
buy_team: FAILURE
add_team: SUCCESS
get_partial_spirit: SUCCESS, 4,5,1,3,2
add_player: FAILURE
add_player: SUCCESS
buy_team: SUCCESS
add_player: FAILURE
buy_team: FAILURE
add_player: FAILURE
get_partial_spirit: SUCCESS, 3,1,5,2,4
add_player: SUCCESS
add_team: SUCCESS
add_player: SUCCESS
add_player: SUCCESS
buy_team: FAILURE
buy_team: FAILURE
add_team: SUCCESS
buy_team: SUCCESS
buy_team: FAILURE
add_player: FAILURE
add_player: SUCCESS
add_player: FAILURE
buy_team: SUCCESS
add_player: FAILURE
add_player: SUCCESS
add_player: SUCCESS
get_partial_spirit: SUCCESS, 5,1,3,2,4
get_partial_spirit: SUCCESS, 4,3,2,1,5
buy_team: SUCCESS
buy_team: INVALID_INPUT
add_player: FAILURE
add_player: FAILURE
add_player: FAILURE
add_player: FAILURE
get_partial_spirit: SUCCESS, 1,3,4,5,2
get_partial_spirit: SUCCESS, 5,3,1,4,2
buy_team: FAILURE
add_team: SUCCESS
buy_team: FAILURE
add_player: SUCCESS
buy_team: FAILURE
add_team: SUCCESS
add_player: SUCCESS
add_player: FAILURE
add_player: SUCCESS
add_team: SUCCESS
add_player: FAILURE
add_player: SUCCESS
buy_team: FAILURE
add_team: SUCCESS
buy_team: SUCCESS
add_player: SUCCESS
add_player: SUCCESS
get_partial_spirit: SUCCESS, 3,4,5,2,1
get_partial_spirit: SUCCESS, 3,2,1,5,4
get_partial_spirit: SUCCESS, 1,5,3,2,4
add_team: SUCCESS
add_team: SUCCESS
get_partial_spirit: SUCCESS, 4,5,3,2,1
add_player: SUCCESS
add_player: SUCCESS
add_player: SUCCESS
add_player: FAILURE
buy_team: FAILURE
add_player: FAILURE
add_player: FAILURE
add_team: SUCCESS
get_partial_spirit: SUCCESS, 4,5,3,2,1
add_player: FAILURE
add_player: FAILURE
buy_team: SUCCESS
add_player: FAILURE
buy_team: SUCCESS
add_player: FAILURE
add_player: SUCCESS
buy_team: FAILURE
